\BOOKMARK [0][-]{chapter*.1}{Abstract}{}% 1
\BOOKMARK [0][-]{chapter*.2}{Acknowledgements}{}% 2
\BOOKMARK [0][-]{chapter*.3}{Contents}{}% 3
\BOOKMARK [0][-]{chapter*.4}{List of Figures}{}% 4
\BOOKMARK [0][-]{chapter*.5}{List of Tables}{}% 5
\BOOKMARK [0][-]{chapter.1}{Introduction}{}% 6
\BOOKMARK [0][-]{chapter.2}{Background}{}% 7
\BOOKMARK [1][-]{section.2.1}{Homomorphic encryption}{chapter.2}% 8
\BOOKMARK [1][-]{section.2.2}{Bootstrapping and Full Homomorphism}{chapter.2}% 9
\BOOKMARK [1][-]{section.2.3}{HElib}{chapter.2}% 10
\BOOKMARK [1][-]{section.2.4}{Application of Homomorphic}{chapter.2}% 11
\BOOKMARK [1][-]{section.2.5}{Related work}{chapter.2}% 12
\BOOKMARK [0][-]{chapter.3}{Approach}{}% 13
\BOOKMARK [1][-]{section.3.1}{Objectives}{chapter.3}% 14
\BOOKMARK [1][-]{section.3.2}{Design Stage}{chapter.3}% 15
\BOOKMARK [1][-]{section.3.3}{Implementation stage}{chapter.3}% 16
\BOOKMARK [0][-]{chapter.4}{Design}{}% 17
\BOOKMARK [1][-]{section.4.1}{HElib design}{chapter.4}% 18
\BOOKMARK [1][-]{section.4.2}{HElib Python design}{chapter.4}% 19
\BOOKMARK [0][-]{chapter.5}{Implementation}{}% 20
\BOOKMARK [1][-]{section.5.1}{Building the HElibrary}{chapter.5}% 21
\BOOKMARK [1][-]{section.5.2}{Exported functionality}{chapter.5}% 22
\BOOKMARK [1][-]{section.5.3}{Test cases}{chapter.5}% 23
\BOOKMARK [0][-]{chapter.6}{Measurement, analysis and comparison}{}% 24
\BOOKMARK [1][-]{section.6.1}{testing}{chapter.6}% 25
\BOOKMARK [0][-]{chapter.7}{Discussion}{}% 26
\BOOKMARK [1][-]{section.7.1}{asdf}{chapter.7}% 27
\BOOKMARK [0][-]{chapter.8}{Conclusion}{}% 28
\BOOKMARK [1][-]{section.8.1}{Future Work}{chapter.8}% 29
\BOOKMARK [0][-]{chapter*.29}{Bibliography}{}% 30
\BOOKMARK [0][-]{section*.30}{Appendices}{}% 31
\BOOKMARK [0][-]{Appendix.a.A}{tttt}{}% 32
